<?xml version="1.0" encoding="UTF-8"?>
<!-- Generated by org.testng.reporters.JUnitXMLReporter -->
<testsuite ignored="0" hostname="PMCW0881" failures="0" tests="4" name="Surefire test" time="89.24" errors="0" timestamp="2025-06-19T16:07:20 ICT">
  <testcase classname="com.pharmacity.tests.LoginTest" name="accessBookingWebsite" time="9.458"/>
  <testcase classname="com.pharmacity.tests.LoginTest" name="checkPopup" time="0.31"/>
  <testcase classname="com.pharmacity.tests.LoginTest" name="Login" time="5.289"/>
  <testcase classname="com.pharmacity.tests.LoginTest" name="InputEmailAndSubmit" time="69.026"/>
</testsuite> <!-- Surefire test -->
