<?xml version="1.0" encoding="UTF-8"?>
<testng-results ignored="0" total="4" passed="4" failed="0" skipped="0">
  <reporter-output>
  </reporter-output>
  <suite started-at="2025-06-19T16:05:50 ICT" name="Surefire suite" finished-at="2025-06-19T16:07:20 ICT" duration-ms="89240">
    <groups>
    </groups>
    <test started-at="2025-06-19T16:05:50 ICT" name="Surefire test" finished-at="2025-06-19T16:07:20 ICT" duration-ms="89240">
      <class name="com.pharmacity.tests.LoginTest">
        <test-method is-config="true" signature="setupTest()[pri:0, instance:com.pharmacity.tests.LoginTest@1917d90f]" started-at="2025-06-19T16:05:51 ICT" name="setupTest" finished-at="2025-06-19T16:05:55 ICT" duration-ms="4894" status="PASS">
          <reporter-output>
          </reporter-output>
        </test-method> <!-- setupTest -->
        <test-method signature="accessBookingWebsite()[pri:1, instance:com.pharmacity.tests.LoginTest@1917d90f]" started-at="2025-06-19T16:05:55 ICT" name="accessBookingWebsite" description="Check open correct the URL" finished-at="2025-06-19T16:06:05 ICT" duration-ms="9458" status="PASS">
          <reporter-output>
          </reporter-output>
        </test-method> <!-- accessBookingWebsite -->
        <test-method signature="checkPopup()[pri:2, instance:com.pharmacity.tests.LoginTest@1917d90f]" started-at="2025-06-19T16:06:05 ICT" name="checkPopup" description="Check displayed pop-up" finished-at="2025-06-19T16:06:05 ICT" duration-ms="310" status="PASS">
          <reporter-output>
          </reporter-output>
        </test-method> <!-- checkPopup -->
        <test-method signature="Login()[pri:3, instance:com.pharmacity.tests.LoginTest@1917d90f]" started-at="2025-06-19T16:06:05 ICT" name="Login" description="Check the displayed of Login button and login it" finished-at="2025-06-19T16:06:11 ICT" duration-ms="5289" status="PASS">
          <reporter-output>
          </reporter-output>
        </test-method> <!-- Login -->
        <test-method signature="InputEmailAndSubmit()[pri:4, instance:com.pharmacity.tests.LoginTest@1917d90f]" started-at="2025-06-19T16:06:11 ICT" name="InputEmailAndSubmit" description="Check the displayed of Login button and login it" finished-at="2025-06-19T16:07:20 ICT" duration-ms="69026" status="PASS">
          <reporter-output>
          </reporter-output>
        </test-method> <!-- InputEmailAndSubmit -->
      </class> <!-- com.pharmacity.tests.LoginTest -->
    </test> <!-- Surefire test -->
  </suite> <!-- Surefire suite -->
</testng-results>
