<?xml version="1.0" encoding="UTF-8"?>
<testsuite xmlns:xsi="http://www.w3.org/2001/XMLSchema-instance" xsi:noNamespaceSchemaLocation="https://maven.apache.org/surefire/maven-surefire-plugin/xsd/surefire-test-report-3.0.xsd" version="3.0" name="com.pharmacity.tests.LoginTest" time="91.034" tests="4" errors="0" skipped="0" failures="0">
  <properties>
[...]
</properties>
  <testcase name="accessBookingWebsite" classname="com.pharmacity.tests.LoginTest" time="9.407">
    <system-err><![CDATA[[main] INFO io.github.bonigarcia.wdm.WebDriverManager - Using chromedriver 137.0.7151.119 (resolved driver for Chrome 137)
[main] INFO io.github.bonigarcia.wdm.WebDriverManager - Exporting webdriver.chrome.driver as C:\Users\Binh - Soft\.cache\selenium\chromedriver\win64\137.0.7151.119\chromedriver.exe
Starting ChromeDriver 137.0.7151.119 (e0ac9d12dff5f2d33c935958b06bf1ded7f1c08c-refs/branch-heads/7151@{#2356}) on port 51619
Only local connections are allowed.
Please see https://chromedriver.chromium.org/security-considerations for suggestions on keeping ChromeDriver safe.
ChromeDriver was started successfully on port 51619.
Jun 19, 2025 4:05:55 PM org.openqa.selenium.remote.ProtocolHandshake createSession
INFO: Detected dialect: W3C
Jun 19, 2025 4:05:55 PM org.openqa.selenium.devtools.CdpVersionFinder findNearestMatch
WARNING: Unable to find an exact match for CDP version 137, so returning the closest version found: a no-op implementation
Jun 19, 2025 4:05:55 PM org.openqa.selenium.devtools.CdpVersionFinder findNearestMatch
INFO: Unable to find CDP implementation matching 137.
Jun 19, 2025 4:05:55 PM org.openqa.selenium.chromium.ChromiumDriver lambda$new$3
WARNING: Unable to find version of CDP to use for . You may need to include a dependency on a specific version of the CDP using something similar to `org.seleniumhq.selenium:selenium-devtools-v86:4.1.0` where the version ("v86") matches the version of the chromium-based browser you're using and the version number of the artifact is the same as Selenium's.
]]></system-err>
  </testcase>
  <testcase name="checkPopup" classname="com.pharmacity.tests.LoginTest" time="0.309"/>
  <testcase name="Login" classname="com.pharmacity.tests.LoginTest" time="5.286"/>
  <testcase name="InputEmailAndSubmit" classname="com.pharmacity.tests.LoginTest" time="69.023">
    <system-out><![CDATA[
 Try it again for : 1 times
📥 Đoạn: Not sooner suggests itself to philosophers. Type one of the two following words spoken by me.
📥 Đoạn: Seeing the undeniable and numerous and that initial of its precepts.
✅ Đã trích: Seeing
❌ CAPTCHA failed on attempt 1

 Try it again for : 2 times
📥 Đoạn: Beyond the confines of experience type one of the two following words spoken by me squeeze enter in the synthesis indication against terror.
✅ Đã trích: squeeze
🎉 CAPTCHA passed on attempt 2
Email Content: Booking.com phanvoquocbinh@gmail.com Verify email and sign in Dear phanvoquocbinh@gmail.com, This is your unique code – use it to securely sign in to your Booking.com account without a password. U64LWX This code can only be used once and expires after 10 minutes. Don’t share this code with anyone else. If you didn’t request a verification code for the account linked to phanvoquocbinh@gmail.com, you can ignore this email. __________________________________________________________________ Copyright © 1996–2025 Booking.com. All rights reserved. This email was sent by Booking.com, Oosterdokskade 163, 1011 DL Amsterdam, Netherlands Privacy and Cookies | Customer Service
OTP get from Email: U64LWX
]]></system-out>
  </testcase>
</testsuite>